# JRE version: Java(TM) SE Runtime Environment (23.0.2+7) (build 23.0.2+7-58)
# Java VM: Java HotSpot(TM) 64-Bit Server VM (23.0.2+7-58, mixed mode, emulated-client, sharing, tiered, compressed oops, compressed class ptrs, g1 gc, windows-amd64)
GC Precious Log:
 CardTable entry size: 512
 Card Set container configuration: InlinePtr #cards 4 size 8 Array Of Cards #cards 16 size 48 Howl #buckets 8 coarsen threshold 3686 Howl Bitmap #cards 512 size 80 coarsen threshold 460 Card regions per heap region 1 cards per card region 4096
 CPUs: 16 total, 16 available
 Memory: 16071M
 Large Page Support: Disabled
 NUMA Support: Disabled
 Compressed Oops: Enabled (Zero based)
 Heap Region Size: 2M
 Heap Min Capacity: 8M
 Heap Initial Capacity: 252M
 Heap Max Capacity: 4018M
 Pre-touch: Disabled
 Parallel Workers: 13
 Concurrent Workers: 3
 Concurrent Refinement Workers: 13
 Periodic GC: Disabled
Heap:
 garbage-first heap   total reserved 4114432K, committed 110592K, used 64408K [0x0000000704e00000, 0x0000000800000000)
  region size 2048K, 2 young (4096K), 2 survivors (4096K)
 Metaspace       used 96747K, committed 97792K, reserved 1179648K
  class space    used 14368K, committed 14848K, reserved 1048576K
GC Heap History (20 events):
Event: 521.699 GC heap after
{Heap after GC invocations=48 (full 1):
 garbage-first heap   total reserved 4114432K, committed 110592K, used 49569K [0x0000000704e00000, 0x0000000800000000)
  region size 2048K, 2 young (4096K), 2 survivors (4096K)
 Metaspace       used 96031K, committed 96832K, reserved 1179648K
  class space    used 14245K, committed 14592K, reserved 1048576K
}
Event: 525.073 GC heap before
{Heap before GC invocations=48 (full 1):
 garbage-first heap   total reserved 4114432K, committed 110592K, used 92577K [0x0000000704e00000, 0x0000000800000000)
  region size 2048K, 23 young (47104K), 2 survivors (4096K)
 Metaspace       used 96193K, committed 97024K, reserved 1179648K
  class space    used 14270K, committed 14656K, reserved 1048576K
}
Event: 525.082 GC heap after
{Heap after GC invocations=49 (full 1):
 garbage-first heap   total reserved 4114432K, committed 110592K, used 50666K [0x0000000704e00000, 0x0000000800000000)
  region size 2048K, 1 young (2048K), 1 survivors (2048K)
 Metaspace       used 96193K, committed 97024K, reserved 1179648K
  class space    used 14270K, committed 14656K, reserved 1048576K
}
Event: 526.202 GC heap before
{Heap before GC invocations=49 (full 1):
 garbage-first heap   total reserved 4114432K, committed 110592K, used 93674K [0x0000000704e00000, 0x0000000800000000)
  region size 2048K, 23 young (47104K), 1 survivors (2048K)
 Metaspace       used 96339K, committed 97280K, reserved 1179648K
  class space    used 14288K, committed 14720K, reserved 1048576K
}
Event: 526.213 GC heap after
{Heap after GC invocations=50 (full 1):
 garbage-first heap   total reserved 4114432K, committed 110592K, used 53572K [0x0000000704e00000, 0x0000000800000000)
  region size 2048K, 3 young (6144K), 3 survivors (6144K)
 Metaspace       used 96339K, committed 97280K, reserved 1179648K
  class space    used 14288K, committed 14720K, reserved 1048576K
}
Event: 527.018 GC heap before
{Heap before GC invocations=51 (full 1):
 garbage-first heap   total reserved 4114432K, committed 110592K, used 90436K [0x0000000704e00000, 0x0000000800000000)
  region size 2048K, 21 young (43008K), 3 survivors (6144K)
 Metaspace       used 96289K, committed 97280K, reserved 1179648K
  class space    used 14273K, committed 14720K, reserved 1048576K
}
Event: 527.032 GC heap after
{Heap after GC invocations=52 (full 1):
 garbage-first heap   total reserved 4114432K, committed 110592K, used 55272K [0x0000000704e00000, 0x0000000800000000)
  region size 2048K, 3 young (6144K), 3 survivors (6144K)
 Metaspace       used 96289K, committed 97280K, reserved 1179648K
  class space    used 14273K, committed 14720K, reserved 1048576K
}
Event: 528.091 GC heap before
{Heap before GC invocations=52 (full 1):
 garbage-first heap   total reserved 4114432K, committed 110592K, used 92136K [0x0000000704e00000, 0x0000000800000000)
  region size 2048K, 21 young (43008K), 3 survivors (6144K)
 Metaspace       used 96318K, committed 97280K, reserved 1179648K
  class space    used 14281K, committed 14720K, reserved 1048576K
}
Event: 528.100 GC heap after
{Heap after GC invocations=53 (full 1):
 garbage-first heap   total reserved 4114432K, committed 110592K, used 56912K [0x0000000704e00000, 0x0000000800000000)
  region size 2048K, 2 young (4096K), 2 survivors (4096K)
 Metaspace       used 96318K, committed 97280K, reserved 1179648K
  class space    used 14281K, committed 14720K, reserved 1048576K
}
Event: 528.920 GC heap before
{Heap before GC invocations=53 (full 1):
 garbage-first heap   total reserved 4114432K, committed 110592K, used 95824K [0x0000000704e00000, 0x0000000800000000)
  region size 2048K, 21 young (43008K), 2 survivors (4096K)
 Metaspace       used 96426K, committed 97344K, reserved 1179648K
  class space    used 14308K, committed 14720K, reserved 1048576K
}
Event: 528.929 GC heap after
{Heap after GC invocations=54 (full 1):
 garbage-first heap   total reserved 4114432K, committed 110592K, used 58245K [0x0000000704e00000, 0x0000000800000000)
  region size 2048K, 2 young (4096K), 2 survivors (4096K)
 Metaspace       used 96426K, committed 97344K, reserved 1179648K
  class space    used 14308K, committed 14720K, reserved 1048576K
}
Event: 530.790 GC heap before
{Heap before GC invocations=55 (full 1):
 garbage-first heap   total reserved 4114432K, committed 110592K, used 95109K [0x0000000704e00000, 0x0000000800000000)
  region size 2048K, 20 young (40960K), 2 survivors (4096K)
 Metaspace       used 96436K, committed 97344K, reserved 1179648K
  class space    used 14311K, committed 14720K, reserved 1048576K
}
Event: 530.801 GC heap after
{Heap after GC invocations=56 (full 1):
 garbage-first heap   total reserved 4114432K, committed 110592K, used 59856K [0x0000000704e00000, 0x0000000800000000)
  region size 2048K, 3 young (6144K), 3 survivors (6144K)
 Metaspace       used 96436K, committed 97344K, reserved 1179648K
  class space    used 14311K, committed 14720K, reserved 1048576K
}
Event: 531.636 GC heap before
{Heap before GC invocations=56 (full 1):
 garbage-first heap   total reserved 4114432K, committed 110592K, used 92624K [0x0000000704e00000, 0x0000000800000000)
  region size 2048K, 19 young (38912K), 3 survivors (6144K)
 Metaspace       used 96589K, committed 97536K, reserved 1179648K
  class space    used 14333K, committed 14784K, reserved 1048576K
}
Event: 531.647 GC heap after
{Heap after GC invocations=57 (full 1):
 garbage-first heap   total reserved 4114432K, committed 110592K, used 60962K [0x0000000704e00000, 0x0000000800000000)
  region size 2048K, 2 young (4096K), 2 survivors (4096K)
 Metaspace       used 96589K, committed 97536K, reserved 1179648K
  class space    used 14333K, committed 14784K, reserved 1048576K
}
Event: 532.972 GC heap before
{Heap before GC invocations=57 (full 1):
 garbage-first heap   total reserved 4114432K, committed 110592K, used 95778K [0x0000000704e00000, 0x0000000800000000)
  region size 2048K, 20 young (40960K), 2 survivors (4096K)
 Metaspace       used 96714K, committed 97664K, reserved 1179648K
  class space    used 14359K, committed 14784K, reserved 1048576K
}
Event: 532.981 GC heap after
{Heap after GC invocations=58 (full 1):
 garbage-first heap   total reserved 4114432K, committed 110592K, used 62338K [0x0000000704e00000, 0x0000000800000000)
  region size 2048K, 2 young (4096K), 2 survivors (4096K)
 Metaspace       used 96714K, committed 97664K, reserved 1179648K
  class space    used 14359K, committed 14784K, reserved 1048576K
}
Event: 533.726 GC heap before
{Heap before GC invocations=59 (full 1):
 garbage-first heap   total reserved 4114432K, committed 110592K, used 97154K [0x0000000704e00000, 0x0000000800000000)
  region size 2048K, 19 young (38912K), 2 survivors (4096K)
 Metaspace       used 96738K, committed 97664K, reserved 1179648K
  class space    used 14365K, committed 14784K, reserved 1048576K
}
Event: 533.738 GC heap after
{Heap after GC invocations=60 (full 1):
 garbage-first heap   total reserved 4114432K, committed 110592K, used 63667K [0x0000000704e00000, 0x0000000800000000)
  region size 2048K, 2 young (4096K), 2 survivors (4096K)
 Metaspace       used 96738K, committed 97664K, reserved 1179648K
  class space    used 14365K, committed 14784K, reserved 1048576K
}
Event: 536.059 GC heap before
{Heap before GC invocations=60 (full 1):
 garbage-first heap   total reserved 4114432K, committed 110592K, used 96435K [0x0000000704e00000, 0x0000000800000000)
  region size 2048K, 18 young (36864K), 2 survivors (4096K)
 Metaspace       used 96747K, committed 97792K, reserved 1179648K
  class space    used 14368K, committed 14848K, reserved 1048576K
}

