# JRE version: Java(TM) SE Runtime Environment (23.0.2+7) (build 23.0.2+7-58)
# Java VM: Java HotSpot(TM) 64-Bit Server VM (23.0.2+7-58, mixed mode, emulated-client, sharing, tiered, compressed oops, compressed class ptrs, g1 gc, windows-amd64)
GC Precious Log:
 CardTable entry size: 512
 Card Set container configuration: InlinePtr #cards 4 size 8 Array Of Cards #cards 16 size 48 Howl #buckets 8 coarsen threshold 3686 Howl Bitmap #cards 512 size 80 coarsen threshold 460 Card regions per heap region 1 cards per card region 4096
 CPUs: 16 total, 16 available
 Memory: 16071M
 Large Page Support: Disabled
 NUMA Support: Disabled
 Compressed Oops: Enabled (Zero based)
 Heap Region Size: 2M
 Heap Min Capacity: 8M
 Heap Initial Capacity: 252M
 Heap Max Capacity: 4018M
 Pre-touch: Disabled
 Parallel Workers: 13
 Concurrent Workers: 3
 Concurrent Refinement Workers: 13
 Periodic GC: Disabled
Heap:
 garbage-first heap   total reserved 4114432K, committed 116736K, used 72604K [0x0000000704e00000, 0x0000000800000000)
  region size 2048K, 2 young (4096K), 2 survivors (4096K)
 Metaspace       used 99901K, committed 100864K, reserved 1179648K
  class space    used 15109K, committed 15552K, reserved 1048576K
GC Heap History (20 events):
Event: 18.958 GC heap after
{Heap after GC invocations=35 (full 0):
 garbage-first heap   total reserved 4114432K, committed 110592K, used 62687K [0x0000000704e00000, 0x0000000800000000)
  region size 2048K, 3 young (6144K), 3 survivors (6144K)
 Metaspace       used 93126K, committed 93888K, reserved 1179648K
  class space    used 14006K, committed 14336K, reserved 1048576K
}
Event: 21.422 GC heap before
{Heap before GC invocations=35 (full 0):
 garbage-first heap   total reserved 4114432K, committed 110592K, used 93407K [0x0000000704e00000, 0x0000000800000000)
  region size 2048K, 18 young (36864K), 3 survivors (6144K)
 Metaspace       used 93978K, committed 94720K, reserved 1179648K
  class space    used 14138K, committed 14464K, reserved 1048576K
}
Event: 21.428 GC heap after
{Heap after GC invocations=36 (full 0):
 garbage-first heap   total reserved 4114432K, committed 110592K, used 63771K [0x0000000704e00000, 0x0000000800000000)
  region size 2048K, 2 young (4096K), 2 survivors (4096K)
 Metaspace       used 93978K, committed 94720K, reserved 1179648K
  class space    used 14138K, committed 14464K, reserved 1048576K
}
Event: 21.858 GC heap before
{Heap before GC invocations=37 (full 0):
 garbage-first heap   total reserved 4114432K, committed 110592K, used 96539K [0x0000000704e00000, 0x0000000800000000)
  region size 2048K, 18 young (36864K), 2 survivors (4096K)
 Metaspace       used 94657K, committed 95424K, reserved 1179648K
  class space    used 14260K, committed 14592K, reserved 1048576K
}
Event: 21.862 GC heap after
{Heap after GC invocations=38 (full 0):
 garbage-first heap   total reserved 4114432K, committed 110592K, used 65646K [0x0000000704e00000, 0x0000000800000000)
  region size 2048K, 3 young (6144K), 3 survivors (6144K)
 Metaspace       used 94657K, committed 95424K, reserved 1179648K
  class space    used 14260K, committed 14592K, reserved 1048576K
}
Event: 22.339 GC heap before
{Heap before GC invocations=38 (full 0):
 garbage-first heap   total reserved 4114432K, committed 110592K, used 94318K [0x0000000704e00000, 0x0000000800000000)
  region size 2048K, 17 young (34816K), 3 survivors (6144K)
 Metaspace       used 95834K, committed 96576K, reserved 1179648K
  class space    used 14447K, committed 14784K, reserved 1048576K
}
Event: 22.343 GC heap after
{Heap after GC invocations=39 (full 0):
 garbage-first heap   total reserved 4114432K, committed 110592K, used 64808K [0x0000000704e00000, 0x0000000800000000)
  region size 2048K, 3 young (6144K), 3 survivors (6144K)
 Metaspace       used 95834K, committed 96576K, reserved 1179648K
  class space    used 14447K, committed 14784K, reserved 1048576K
}
Event: 22.748 GC heap before
{Heap before GC invocations=39 (full 0):
 garbage-first heap   total reserved 4114432K, committed 110592K, used 93480K [0x0000000704e00000, 0x0000000800000000)
  region size 2048K, 17 young (34816K), 3 survivors (6144K)
 Metaspace       used 96496K, committed 97344K, reserved 1179648K
  class space    used 14553K, committed 14912K, reserved 1048576K
}
Event: 22.752 GC heap after
{Heap after GC invocations=40 (full 0):
 garbage-first heap   total reserved 4114432K, committed 110592K, used 66054K [0x0000000704e00000, 0x0000000800000000)
  region size 2048K, 2 young (4096K), 2 survivors (4096K)
 Metaspace       used 96496K, committed 97344K, reserved 1179648K
  class space    used 14553K, committed 14912K, reserved 1048576K
}
Event: 23.108 GC heap before
{Heap before GC invocations=41 (full 0):
 garbage-first heap   total reserved 4114432K, committed 112640K, used 96774K [0x0000000704e00000, 0x0000000800000000)
  region size 2048K, 17 young (34816K), 2 survivors (4096K)
 Metaspace       used 97558K, committed 98368K, reserved 1179648K
  class space    used 14709K, committed 15040K, reserved 1048576K
}
Event: 23.112 GC heap after
{Heap after GC invocations=42 (full 0):
 garbage-first heap   total reserved 4114432K, committed 112640K, used 67259K [0x0000000704e00000, 0x0000000800000000)
  region size 2048K, 2 young (4096K), 2 survivors (4096K)
 Metaspace       used 97558K, committed 98368K, reserved 1179648K
  class space    used 14709K, committed 15040K, reserved 1048576K
}
Event: 23.504 GC heap before
{Heap before GC invocations=42 (full 0):
 garbage-first heap   total reserved 4114432K, committed 112640K, used 97979K [0x0000000704e00000, 0x0000000800000000)
  region size 2048K, 17 young (34816K), 2 survivors (4096K)
 Metaspace       used 98114K, committed 99008K, reserved 1179648K
  class space    used 14792K, committed 15168K, reserved 1048576K
}
Event: 23.510 GC heap after
{Heap after GC invocations=43 (full 0):
 garbage-first heap   total reserved 4114432K, committed 112640K, used 67505K [0x0000000704e00000, 0x0000000800000000)
  region size 2048K, 2 young (4096K), 2 survivors (4096K)
 Metaspace       used 98114K, committed 99008K, reserved 1179648K
  class space    used 14792K, committed 15168K, reserved 1048576K
}
Event: 23.911 GC heap before
{Heap before GC invocations=43 (full 0):
 garbage-first heap   total reserved 4114432K, committed 112640K, used 98225K [0x0000000704e00000, 0x0000000800000000)
  region size 2048K, 17 young (34816K), 2 survivors (4096K)
 Metaspace       used 98541K, committed 99456K, reserved 1179648K
  class space    used 14862K, committed 15232K, reserved 1048576K
}
Event: 23.915 GC heap after
{Heap after GC invocations=44 (full 0):
 garbage-first heap   total reserved 4114432K, committed 112640K, used 69048K [0x0000000704e00000, 0x0000000800000000)
  region size 2048K, 2 young (4096K), 2 survivors (4096K)
 Metaspace       used 98541K, committed 99456K, reserved 1179648K
  class space    used 14862K, committed 15232K, reserved 1048576K
}
Event: 24.298 GC heap before
{Heap before GC invocations=45 (full 0):
 garbage-first heap   total reserved 4114432K, committed 116736K, used 99768K [0x0000000704e00000, 0x0000000800000000)
  region size 2048K, 17 young (34816K), 2 survivors (4096K)
 Metaspace       used 98895K, committed 99776K, reserved 1179648K
  class space    used 14943K, committed 15296K, reserved 1048576K
}
Event: 24.302 GC heap after
{Heap after GC invocations=46 (full 0):
 garbage-first heap   total reserved 4114432K, committed 116736K, used 70254K [0x0000000704e00000, 0x0000000800000000)
  region size 2048K, 2 young (4096K), 2 survivors (4096K)
 Metaspace       used 98895K, committed 99776K, reserved 1179648K
  class space    used 14943K, committed 15296K, reserved 1048576K
}
Event: 24.714 GC heap before
{Heap before GC invocations=46 (full 0):
 garbage-first heap   total reserved 4114432K, committed 116736K, used 103022K [0x0000000704e00000, 0x0000000800000000)
  region size 2048K, 18 young (36864K), 2 survivors (4096K)
 Metaspace       used 99371K, committed 100288K, reserved 1179648K
  class space    used 15014K, committed 15424K, reserved 1048576K
}
Event: 24.718 GC heap after
{Heap after GC invocations=47 (full 0):
 garbage-first heap   total reserved 4114432K, committed 116736K, used 71293K [0x0000000704e00000, 0x0000000800000000)
  region size 2048K, 2 young (4096K), 2 survivors (4096K)
 Metaspace       used 99371K, committed 100288K, reserved 1179648K
  class space    used 15014K, committed 15424K, reserved 1048576K
}
Event: 26.196 GC heap before
{Heap before GC invocations=47 (full 0):
 garbage-first heap   total reserved 4114432K, committed 116736K, used 104061K [0x0000000704e00000, 0x0000000800000000)
  region size 2048K, 18 young (36864K), 2 survivors (4096K)
 Metaspace       used 99901K, committed 100864K, reserved 1179648K
  class space    used 15109K, committed 15552K, reserved 1048576K
}

